<?xml version="1.0" encoding="UTF-8"?>
<!-- Generated by org.testng.reporters.JUnitReportReporter -->
<testsuite skipped="0" hostname="vnikolic" name="testcases.TC_001_ValidateLoginFunctionality" tests="4" failures="0" timestamp="05 Feb 2019 14:52:38 GMT" time="48.296" errors="0">
  <testcase name="tc_001_login" time="13.095" classname="testcases.TC_001_ValidateLoginFunctionality"/>
  <testcase name="tc_001_login" time="11.493" classname="testcases.TC_001_ValidateLoginFunctionality"/>
  <testcase name="tc_001_login" time="11.747" classname="testcases.TC_001_ValidateLoginFunctionality"/>
  <testcase name="tc_001_login" time="11.961" classname="testcases.TC_001_ValidateLoginFunctionality"/>
</testsuite> <!-- testcases.TC_001_ValidateLoginFunctionality -->
